[27-05-2025 10:23:41.302 INFO com.nopcomerce.user.User_01_Lv15_Log4j1] - TC01 Register
[27-05-2025 10:23:41.306 INFO com.nopcomerce.user.User_01_Lv15_Log4j1] -  TC01 Register Step 1 : Open register page
[27-05-2025 10:23:42.956 INFO com.nopcomerce.user.User_01_Lv15_Log4j1] - ---------PASSED----------
[27-05-2025 10:23:42.957 INFO com.nopcomerce.user.User_01_Lv15_Log4j1] - TC01 Register Step 2 : Enter user Firstname Le
[27-05-2025 10:23:42.972 INFO com.nopcomerce.user.User_01_Lv15_Log4j1] - TC01 Register Step 2 : Enter user Middle name Ngoc
[27-05-2025 10:23:42.984 INFO com.nopcomerce.user.User_01_Lv15_Log4j1] - TC01 Register Step 2 : Enter user lastname Xuyen
[27-05-2025 10:23:42.994 INFO com.nopcomerce.user.User_01_Lv15_Log4j1] - TC01 Register Step 2 : Enter user email xuyen94562@gmail.com
[27-05-2025 10:23:43.006 INFO com.nopcomerce.user.User_01_Lv15_Log4j1] - TC01 Register Step 2 : Enter user pass 123456
[27-05-2025 10:23:43.019 INFO com.nopcomerce.user.User_01_Lv15_Log4j1] - TC01 Register Step 2 : Enter user confirm pass 123456
[27-05-2025 10:23:43.035 INFO com.nopcomerce.user.User_01_Lv15_Log4j1] - TC01 Register Step 3 : Click Register button 
[27-05-2025 10:23:44.746 INFO com.nopcomerce.user.User_01_Lv15_Log4j1] - ---------PASSED----------
[27-05-2025 10:23:44.752 INFO com.nopcomerce.user.User_01_Lv15_Log4j1] - ---------PASSED----------
[27-05-2025 10:23:44.759 INFO com.nopcomerce.user.User_01_Lv15_Log4j1] - ---------PASSED----------
[04-06-2025 14:45:54.543 INFO com.nopcomerce.user.User_01_Lv18_Pattern_Object] - OS name = mac os x
[04-06-2025 14:45:54.549 INFO com.nopcomerce.user.User_01_Lv18_Pattern_Object] - Driver instance name = firefoxdriver: firefox on mac (48083155-d2c5-400e-9b20-19a3461078e8)
[06-06-2025 10:51:28.221 INFO com.orangehrm.employee.PIM_01_Employee] - OS name = mac os x
[06-06-2025 10:51:28.223 INFO com.orangehrm.employee.PIM_01_Employee] - Driver instance name = firefoxdriver: firefox on mac (9c234a69-ccd6-47e7-92ab-2e3bada61e63)
[06-06-2025 13:26:48.407 INFO com.orangehrm.employee.PIM_01_Employee] - OS name = mac os x
[06-06-2025 13:26:48.411 INFO com.orangehrm.employee.PIM_01_Employee] - Driver instance name = firefoxdriver: firefox on mac (3a3366f7-14d8-4a09-a12a-c172ad2f6f64)
[06-06-2025 14:25:37.563 INFO com.orangehrm.employee.PIM_01_Employee] - OS name = mac os x
[06-06-2025 14:25:37.565 INFO com.orangehrm.employee.PIM_01_Employee] - Driver instance name = firefoxdriver: firefox on mac (14215d15-d6ff-4281-9214-a7dc699edf46)
[06-06-2025 15:26:05.322 INFO com.orangehrm.employee.PIM_01_Employee] - OS name = mac os x
[06-06-2025 15:26:05.324 INFO com.orangehrm.employee.PIM_01_Employee] - Driver instance name = firefoxdriver: firefox on mac (6384291d-08c7-4ff8-b4f9-7999cb11ad13)
[06-06-2025 15:27:32.073 INFO com.orangehrm.employee.PIM_01_Employee] - OS name = mac os x
[06-06-2025 15:27:32.075 INFO com.orangehrm.employee.PIM_01_Employee] - Driver instance name = firefoxdriver: firefox on mac (f1c65467-12e3-4822-b425-109ab24e77dc)
[06-06-2025 15:33:00.946 INFO com.orangehrm.employee.PIM_01_Employee] - OS name = mac os x
[06-06-2025 15:33:00.948 INFO com.orangehrm.employee.PIM_01_Employee] - Driver instance name = firefoxdriver: firefox on mac (c91a50c7-6d48-4dd7-9a0d-c102ff7ce0e7)
[06-06-2025 15:36:02.156 INFO com.orangehrm.employee.PIM_01_Employee] - OS name = mac os x
[06-06-2025 15:36:02.159 INFO com.orangehrm.employee.PIM_01_Employee] - Driver instance name = firefoxdriver: firefox on mac (d78f2578-8f33-46c3-ae85-6ff9977bb9f5)
[06-06-2025 15:39:27.035 INFO com.orangehrm.employee.PIM_01_Employee] - OS name = mac os x
[06-06-2025 15:39:27.037 INFO com.orangehrm.employee.PIM_01_Employee] - Driver instance name = firefoxdriver: firefox on mac (221e090f-a51a-431f-b718-0bdfa2823053)
[06-06-2025 15:41:04.006 INFO com.orangehrm.employee.PIM_01_Employee] - OS name = mac os x
[06-06-2025 15:41:04.010 INFO com.orangehrm.employee.PIM_01_Employee] - Driver instance name = firefoxdriver: firefox on mac (78231c84-1ed3-4ef8-961e-483472251fd4)
[06-06-2025 15:44:27.459 INFO com.orangehrm.employee.PIM_01_Employee] - OS name = mac os x
[06-06-2025 15:44:27.461 INFO com.orangehrm.employee.PIM_01_Employee] - Driver instance name = firefoxdriver: firefox on mac (2ef44da4-1a50-4b2e-b8a6-34678b007baa)
[06-06-2025 15:46:21.254 INFO com.orangehrm.employee.PIM_01_Employee] - OS name = mac os x
[06-06-2025 15:46:21.256 INFO com.orangehrm.employee.PIM_01_Employee] - Driver instance name = firefoxdriver: firefox on mac (57137303-760c-4383-b206-d674059c0197)
[06-06-2025 15:47:24.928 INFO com.orangehrm.employee.PIM_01_Employee] - OS name = mac os x
[06-06-2025 15:47:24.931 INFO com.orangehrm.employee.PIM_01_Employee] - Driver instance name = firefoxdriver: firefox on mac (889d653b-cf9a-455e-b120-d8f7108dfcf5)
[09-06-2025 10:04:36.077 INFO com.orangehrm.employee.PIM_01_Employee] - OS name = mac os x
[09-06-2025 10:04:36.080 INFO com.orangehrm.employee.PIM_01_Employee] - Driver instance name = firefoxdriver: firefox on mac (6c535806-0412-433c-9914-7539808a91a6)
[09-06-2025 11:03:10.623 INFO com.orangehrm.employee.PIM_01_Employee] - OS name = mac os x
[09-06-2025 11:03:10.627 INFO com.orangehrm.employee.PIM_01_Employee] - Driver instance name = firefoxdriver: firefox on mac (7ff1f848-6a0e-4830-9ad1-e50e673e208f)
[09-06-2025 11:05:32.417 INFO com.orangehrm.employee.PIM_01_Employee] - OS name = mac os x
[09-06-2025 11:05:32.419 INFO com.orangehrm.employee.PIM_01_Employee] - Driver instance name = firefoxdriver: firefox on mac (5902eee3-3a97-46ef-a6de-50b7a7b730f3)
[09-06-2025 11:13:21.314 INFO com.orangehrm.employee.PIM_01_Employee] - OS name = mac os x
[09-06-2025 11:13:21.318 INFO com.orangehrm.employee.PIM_01_Employee] - Driver instance name = firefoxdriver: firefox on mac (0d04e6c2-b3f2-4cef-a1e2-cc037ca0ef5e)
[09-06-2025 11:47:03.689 INFO com.orangehrm.employee.PIM_01_Employee] - OS name = mac os x
[09-06-2025 11:47:03.693 INFO com.orangehrm.employee.PIM_01_Employee] - Driver instance name = firefoxdriver: firefox on mac (2f500de3-5731-4fe9-88ee-e5145ed48d6d)
[09-06-2025 11:48:11.835 INFO com.orangehrm.employee.PIM_01_Employee] - OS name = mac os x
[09-06-2025 11:48:11.838 INFO com.orangehrm.employee.PIM_01_Employee] - Driver instance name = firefoxdriver: firefox on mac (fc20cdeb-df4e-4be7-a963-beac3e072cd3)
[10-06-2025 10:29:08.840 INFO com.orangehrm.employee.PIM_01_Employee] - OS name = mac os x
[10-06-2025 10:29:08.841 INFO com.orangehrm.employee.PIM_01_Employee] - Driver instance name = firefoxdriver: firefox on mac (85814478-5064-41ad-8673-b40012b85e73)
[10-06-2025 10:32:47.878 INFO com.orangehrm.employee.PIM_01_Employee] - OS name = mac os x
[10-06-2025 10:32:47.880 INFO com.orangehrm.employee.PIM_01_Employee] - Driver instance name = firefoxdriver: firefox on mac (9f427293-580a-4bc7-8831-9b0085997571)
[10-06-2025 10:36:50.789 INFO com.orangehrm.employee.PIM_01_Employee] - OS name = mac os x
[10-06-2025 10:36:50.790 INFO com.orangehrm.employee.PIM_01_Employee] - Driver instance name = firefoxdriver: firefox on mac (a6f82c74-d902-44e1-aeda-367458a65a2b)
[10-06-2025 10:39:08.448 INFO com.orangehrm.employee.PIM_01_Employee] - OS name = mac os x
[10-06-2025 10:39:08.450 INFO com.orangehrm.employee.PIM_01_Employee] - Driver instance name = firefoxdriver: firefox on mac (56bbaca9-dfbb-4caf-8611-0d04bf6993f8)
[10-06-2025 10:42:44.883 INFO com.orangehrm.employee.PIM_01_Employee] - OS name = mac os x
[10-06-2025 10:42:44.885 INFO com.orangehrm.employee.PIM_01_Employee] - Driver instance name = firefoxdriver: firefox on mac (7de1bb3d-1cd6-4742-8332-c332a1033d6e)
[10-06-2025 10:44:05.250 INFO com.orangehrm.employee.PIM_01_Employee] - OS name = mac os x
[10-06-2025 10:44:05.252 INFO com.orangehrm.employee.PIM_01_Employee] - Driver instance name = firefoxdriver: firefox on mac (18e6ae13-f3d0-4588-8814-7c2fd6e436c7)
[10-06-2025 10:45:17.984 INFO com.orangehrm.employee.PIM_01_Employee] - OS name = mac os x
[10-06-2025 10:45:17.986 INFO com.orangehrm.employee.PIM_01_Employee] - Driver instance name = firefoxdriver: firefox on mac (f2e2e40d-ea59-4972-b350-5e6123b24775)
[10-06-2025 11:02:09.269 INFO com.orangehrm.employee.PIM_01_Employee] - OS name = mac os x
[10-06-2025 11:02:09.274 INFO com.orangehrm.employee.PIM_01_Employee] - Driver instance name = firefoxdriver: firefox on mac (aea0739f-09bb-4f9c-9582-078c1c8ff614)
[10-06-2025 11:03:57.029 INFO com.orangehrm.employee.PIM_01_Employee] - OS name = mac os x
[10-06-2025 11:03:57.031 INFO com.orangehrm.employee.PIM_01_Employee] - Driver instance name = firefoxdriver: firefox on mac (5b450675-4ec1-4107-9d0f-5877bbbfda95)
[10-06-2025 11:06:30.676 INFO com.orangehrm.employee.PIM_01_Employee] - OS name = mac os x
[10-06-2025 11:06:30.678 INFO com.orangehrm.employee.PIM_01_Employee] - Driver instance name = firefoxdriver: firefox on mac (8d0a5232-341d-47c9-b34c-eab7d22786a3)
[10-06-2025 11:23:15.496 INFO com.orangehrm.employee.PIM_01_Employee] - OS name = mac os x
[10-06-2025 11:23:15.498 INFO com.orangehrm.employee.PIM_01_Employee] - Driver instance name = firefoxdriver: firefox on mac (26f8d017-f583-403c-b39f-cb1f5a48a724)
[11-06-2025 11:13:09.021 INFO com.orangehrm.employee.PIM_01_Employee] - OS name = mac os x
[11-06-2025 11:13:09.026 INFO com.orangehrm.employee.PIM_01_Employee] - Cannot invoke "org.openqa.selenium.WebDriver.toString()" because "this.driver" is null
[11-06-2025 11:14:51.474 INFO com.orangehrm.employee.PIM_01_Employee] - OS name = mac os x
[11-06-2025 11:14:51.477 INFO com.orangehrm.employee.PIM_01_Employee] - Driver instance name = firefoxdriver: firefox on mac (19ceb56e-7637-4d03-a70b-5cabcb8bc0af)
[11-06-2025 11:19:47.929 INFO com.orangehrm.employee.PIM_01_Employee] - OS name = mac os x
[11-06-2025 11:19:47.932 INFO com.orangehrm.employee.PIM_01_Employee] - Driver instance name = firefoxdriver: firefox on mac (b72e6791-2ec4-4df8-bafa-f1639ae8590f)
[11-06-2025 11:44:17.255 INFO com.orangehrm.employee.PIM_01_Employee] - OS name = mac os x
[11-06-2025 11:44:17.260 INFO com.orangehrm.employee.PIM_01_Employee] - Driver instance name = firefoxdriver: firefox on mac (d626aefe-681d-49ae-9614-0c4aa0becd8f)
[11-06-2025 15:15:57.322 INFO com.orangehrm.employee.PIM_01_Employee] - OS name = mac os x
[11-06-2025 15:15:57.325 INFO com.orangehrm.employee.PIM_01_Employee] - Driver instance name = firefoxdriver: firefox on mac (329ef338-74fd-48ab-9321-48e55a7d9b0e)
[11-06-2025 15:17:44.967 INFO com.orangehrm.employee.PIM_01_Employee] - OS name = mac os x
[11-06-2025 15:17:44.970 INFO com.orangehrm.employee.PIM_01_Employee] - Driver instance name = firefoxdriver: firefox on mac (f6172962-e83e-42ee-8adf-c4e411feb500)
[11-06-2025 15:40:30.152 INFO com.orangehrm.employee.PIM_01_Employee] - OS name = mac os x
[11-06-2025 15:40:30.155 INFO com.orangehrm.employee.PIM_01_Employee] - Driver instance name = firefoxdriver: firefox on mac (272ea85e-3b6b-44e9-b6b8-6c0ebad35591)
[11-06-2025 15:46:54.770 INFO com.orangehrm.employee.PIM_01_Employee] - OS name = mac os x
[11-06-2025 15:46:54.772 INFO com.orangehrm.employee.PIM_01_Employee] - Driver instance name = firefoxdriver: firefox on mac (9fe3a2ba-6834-4d0d-94fe-5db95ecec83b)
[11-06-2025 15:49:47.577 INFO com.orangehrm.employee.PIM_01_Employee] - OS name = mac os x
[11-06-2025 15:49:47.580 INFO com.orangehrm.employee.PIM_01_Employee] - Driver instance name = firefoxdriver: firefox on mac (6ec122a9-af88-4168-b6dc-b65f3d13085a)
[11-06-2025 15:52:42.513 INFO com.orangehrm.employee.PIM_01_Employee] - OS name = mac os x
[11-06-2025 15:52:42.516 INFO com.orangehrm.employee.PIM_01_Employee] - Driver instance name = firefoxdriver: firefox on mac (74b8dd38-0d57-47b7-a97f-13db70da1869)
